<?xml version="1.0" encoding="UTF-8"?>
<coverage generated="1655045502595" clover="3.2.0">
  <project timestamp="1655045502595" name="All files">
    <metrics statements="80" coveredstatements="66" conditionals="19" coveredconditionals="16" methods="18" coveredmethods="13" elements="117" coveredelements="95" complexity="0" loc="80" ncloc="80" packages="3" files="12" classes="12"/>
    <package name="server">
      <metrics statements="11" coveredstatements="4" conditionals="4" coveredconditionals="1" methods="4" coveredmethods="1"/>
      <file name="helpers.js" path="D:\Fullstack Web Development Batch_6\diBimbing Batch_6\Day 39\Assignment Day-39\backend-test\server\helpers.js">
        <metrics statements="11" coveredstatements="4" conditionals="4" coveredconditionals="1" methods="4" coveredmethods="1"/>
        <line num="2" count="2" type="stmt"/>
        <line num="3" count="2" type="cond" truecount="1" falsecount="1"/>
        <line num="4" count="2" type="stmt"/>
        <line num="6" count="0" type="stmt"/>
        <line num="10" count="0" type="stmt"/>
        <line num="11" count="0" type="cond" truecount="0" falsecount="2"/>
        <line num="12" count="0" type="stmt"/>
        <line num="14" count="0" type="stmt"/>
        <line num="18" count="0" type="stmt"/>
        <line num="19" count="0" type="stmt"/>
        <line num="23" count="1" type="stmt"/>
      </file>
    </package>
    <package name="server.handlers">
      <metrics statements="57" coveredstatements="50" conditionals="4" coveredconditionals="4" methods="9" coveredmethods="7"/>
      <file name="is21Century.js" path="D:\Fullstack Web Development Batch_6\diBimbing Batch_6\Day 39\Assignment Day-39\backend-test\server\handlers\is21Century.js">
        <metrics statements="8" coveredstatements="7" conditionals="0" coveredconditionals="0" methods="1" coveredmethods="1"/>
        <line num="1" count="1" type="stmt"/>
        <line num="3" count="1" type="stmt"/>
        <line num="4" count="3" type="stmt"/>
        <line num="5" count="3" type="stmt"/>
        <line num="6" count="3" type="stmt"/>
        <line num="11" count="0" type="stmt"/>
        <line num="16" count="3" type="stmt"/>
        <line num="20" count="1" type="stmt"/>
      </file>
      <file name="isLeapYear.js" path="D:\Fullstack Web Development Batch_6\diBimbing Batch_6\Day 39\Assignment Day-39\backend-test\server\handlers\isLeapYear.js">
        <metrics statements="5" coveredstatements="5" conditionals="0" coveredconditionals="0" methods="1" coveredmethods="1"/>
        <line num="1" count="1" type="stmt"/>
        <line num="3" count="1" type="stmt"/>
        <line num="4" count="3" type="stmt"/>
        <line num="5" count="3" type="stmt"/>
        <line num="11" count="1" type="stmt"/>
      </file>
      <file name="isWeekend.js" path="D:\Fullstack Web Development Batch_6\diBimbing Batch_6\Day 39\Assignment Day-39\backend-test\server\handlers\isWeekend.js">
        <metrics statements="5" coveredstatements="5" conditionals="0" coveredconditionals="0" methods="1" coveredmethods="1"/>
        <line num="1" count="1" type="stmt"/>
        <line num="3" count="1" type="stmt"/>
        <line num="4" count="2" type="stmt"/>
        <line num="5" count="2" type="stmt"/>
        <line num="11" count="1" type="stmt"/>
      </file>
      <file name="math.js" path="D:\Fullstack Web Development Batch_6\diBimbing Batch_6\Day 39\Assignment Day-39\backend-test\server\handlers\math.js">
        <metrics statements="9" coveredstatements="9" conditionals="0" coveredconditionals="0" methods="1" coveredmethods="1"/>
        <line num="1" count="2" type="stmt"/>
        <line num="3" count="2" type="stmt"/>
        <line num="4" count="4" type="stmt"/>
        <line num="5" count="4" type="stmt"/>
        <line num="6" count="4" type="stmt"/>
        <line num="7" count="3" type="stmt"/>
        <line num="12" count="1" type="stmt"/>
        <line num="17" count="4" type="stmt"/>
        <line num="21" count="2" type="stmt"/>
      </file>
      <file name="merchants.js" path="D:\Fullstack Web Development Batch_6\diBimbing Batch_6\Day 39\Assignment Day-39\backend-test\server\handlers\merchants.js">
        <metrics statements="21" coveredstatements="16" conditionals="4" coveredconditionals="4" methods="4" coveredmethods="2"/>
        <line num="1" count="1" type="stmt"/>
        <line num="2" count="1" type="stmt"/>
        <line num="3" count="1" type="stmt"/>
        <line num="6" count="0" type="stmt"/>
        <line num="9" count="0" type="stmt"/>
        <line num="13" count="2" type="stmt"/>
        <line num="14" count="2" type="stmt"/>
        <line num="20" count="2" type="cond" truecount="2" falsecount="0"/>
        <line num="21" count="1" type="stmt"/>
        <line num="23" count="1" type="stmt"/>
        <line num="28" count="2" type="stmt"/>
        <line num="29" count="2" type="stmt"/>
        <line num="30" count="2" type="stmt"/>
        <line num="31" count="2" type="cond" truecount="2" falsecount="0"/>
        <line num="32" count="1" type="stmt"/>
        <line num="34" count="1" type="stmt"/>
        <line num="41" count="1" type="stmt"/>
        <line num="49" count="0" type="stmt"/>
        <line num="50" count="0" type="stmt"/>
        <line num="55" count="0" type="stmt"/>
        <line num="58" count="1" type="stmt"/>
      </file>
      <file name="sum.js" path="D:\Fullstack Web Development Batch_6\diBimbing Batch_6\Day 39\Assignment Day-39\backend-test\server\handlers\sum.js">
        <metrics statements="9" coveredstatements="8" conditionals="0" coveredconditionals="0" methods="1" coveredmethods="1"/>
        <line num="1" count="1" type="stmt"/>
        <line num="3" count="1" type="stmt"/>
        <line num="4" count="4" type="stmt"/>
        <line num="5" count="4" type="stmt"/>
        <line num="6" count="4" type="stmt"/>
        <line num="7" count="4" type="stmt"/>
        <line num="12" count="0" type="stmt"/>
        <line num="17" count="4" type="stmt"/>
        <line num="21" count="1" type="stmt"/>
      </file>
    </package>
    <package name="storage.models">
      <metrics statements="12" coveredstatements="12" conditionals="11" coveredconditionals="11" methods="5" coveredmethods="5"/>
      <file name="is21Century.model.js" path="D:\Fullstack Web Development Batch_6\diBimbing Batch_6\Day 39\Assignment Day-39\backend-test\storage\models\is21Century.model.js">
        <metrics statements="2" coveredstatements="2" conditionals="2" coveredconditionals="2" methods="1" coveredmethods="1"/>
        <line num="2" count="3" type="cond" truecount="2" falsecount="0"/>
        <line num="6" count="1" type="stmt"/>
      </file>
      <file name="isLeapYear.model.js" path="D:\Fullstack Web Development Batch_6\diBimbing Batch_6\Day 39\Assignment Day-39\backend-test\storage\models\isLeapYear.model.js">
        <metrics statements="2" coveredstatements="2" conditionals="3" coveredconditionals="3" methods="1" coveredmethods="1"/>
        <line num="2" count="3" type="stmt"/>
        <line num="9" count="1" type="stmt"/>
      </file>
      <file name="isWeekend.model.js" path="D:\Fullstack Web Development Batch_6\diBimbing Batch_6\Day 39\Assignment Day-39\backend-test\storage\models\isWeekend.model.js">
        <metrics statements="2" coveredstatements="2" conditionals="2" coveredconditionals="2" methods="1" coveredmethods="1"/>
        <line num="3" count="2" type="cond" truecount="2" falsecount="0"/>
        <line num="7" count="1" type="stmt"/>
      </file>
      <file name="math.model.js" path="D:\Fullstack Web Development Batch_6\diBimbing Batch_6\Day 39\Assignment Day-39\backend-test\storage\models\math.model.js">
        <metrics statements="4" coveredstatements="4" conditionals="4" coveredconditionals="4" methods="1" coveredmethods="1"/>
        <line num="2" count="3" type="cond" truecount="2" falsecount="0"/>
        <line num="3" count="1" type="stmt"/>
        <line num="5" count="2" type="cond" truecount="2" falsecount="0"/>
        <line num="8" count="1" type="stmt"/>
      </file>
      <file name="sum.model.js" path="D:\Fullstack Web Development Batch_6\diBimbing Batch_6\Day 39\Assignment Day-39\backend-test\storage\models\sum.model.js">
        <metrics statements="2" coveredstatements="2" conditionals="0" coveredconditionals="0" methods="1" coveredmethods="1"/>
        <line num="2" count="4" type="stmt"/>
        <line num="4" count="1" type="stmt"/>
      </file>
    </package>
  </project>
</coverage>
