{"D:\\Fullstack Web Development Batch_6\\diBimbing Batch_6\\Day 39\\Assignment Day-39\\backend-test\\server\\helpers.js": {"path":"D:\\Fullstack Web Development Batch_6\\diBimbing Batch_6\\Day 39\\Assignment Day-39\\backend-test\\server\\helpers.js","statementMap":{"0":{"start":{"line":2,"column":15},"end":{"line":2,"column":28}},"1":{"start":{"line":3,"column":4},"end":{"line":5,"column":5}},"2":{"start":{"line":4,"column":8},"end":{"line":4,"column":39}},"3":{"start":{"line":6,"column":4},"end":{"line":6,"column":56}},"4":{"start":{"line":10,"column":15},"end":{"line":10,"column":36}},"5":{"start":{"line":11,"column":4},"end":{"line":13,"column":5}},"6":{"start":{"line":12,"column":8},"end":{"line":12,"column":39}},"7":{"start":{"line":14,"column":4},"end":{"line":14,"column":64}},"8":{"start":{"line":18,"column":4},"end":{"line":20,"column":6}},"9":{"start":{"line":19,"column":8},"end":{"line":19,"column":37}},"10":{"start":{"line":23,"column":0},"end":{"line":23,"column":64}}},"fnMap":{"0":{"name":"getIdParam","decl":{"start":{"line":1,"column":9},"end":{"line":1,"column":19}},"loc":{"start":{"line":1,"column":25},"end":{"line":7,"column":1}},"line":1},"1":{"name":"getMerchantIdParam","decl":{"start":{"line":9,"column":9},"end":{"line":9,"column":27}},"loc":{"start":{"line":9,"column":33},"end":{"line":15,"column":1}},"line":9},"2":{"name":"checkError","decl":{"start":{"line":17,"column":9},"end":{"line":17,"column":19}},"loc":{"start":{"line":17,"column":29},"end":{"line":21,"column":1}},"line":17},"3":{"name":"(anonymous_3)","decl":{"start":{"line":18,"column":11},"end":{"line":18,"column":12}},"loc":{"start":{"line":18,"column":37},"end":{"line":20,"column":5}},"line":18}},"branchMap":{"0":{"loc":{"start":{"line":3,"column":4},"end":{"line":5,"column":5}},"type":"if","locations":[{"start":{"line":3,"column":4},"end":{"line":5,"column":5}},{"start":{},"end":{}}],"line":3},"1":{"loc":{"start":{"line":11,"column":4},"end":{"line":13,"column":5}},"type":"if","locations":[{"start":{"line":11,"column":4},"end":{"line":13,"column":5}},{"start":{},"end":{}}],"line":11}},"s":{"0":2,"1":2,"2":2,"3":0,"4":0,"5":0,"6":0,"7":0,"8":0,"9":0,"10":1},"f":{"0":2,"1":0,"2":0,"3":0},"b":{"0":[2,0],"1":[0,0]},"_coverageSchema":"1a1c01bbd47fc00a2c39e90264f33305004495a9","hash":"5c5febc8de50f84232f129d3dad278d1d658aa37"}
,"D:\\Fullstack Web Development Batch_6\\diBimbing Batch_6\\Day 39\\Assignment Day-39\\backend-test\\server\\handlers\\is21Century.js": {"path":"D:\\Fullstack Web Development Batch_6\\diBimbing Batch_6\\Day 39\\Assignment Day-39\\backend-test\\server\\handlers\\is21Century.js","statementMap":{"0":{"start":{"line":1,"column":25},"end":{"line":1,"column":74}},"1":{"start":{"line":3,"column":20},"end":{"line":18,"column":1}},"2":{"start":{"line":4,"column":2},"end":{"line":17,"column":3}},"3":{"start":{"line":5,"column":19},"end":{"line":5,"column":55}},"4":{"start":{"line":6,"column":4},"end":{"line":9,"column":7}},"5":{"start":{"line":11,"column":4},"end":{"line":14,"column":7}},"6":{"start":{"line":16,"column":4},"end":{"line":16,"column":14}},"7":{"start":{"line":20,"column":0},"end":{"line":22,"column":2}}},"fnMap":{"0":{"name":"(anonymous_0)","decl":{"start":{"line":3,"column":20},"end":{"line":3,"column":21}},"loc":{"start":{"line":3,"column":40},"end":{"line":18,"column":1}},"line":3}},"branchMap":{},"s":{"0":1,"1":1,"2":3,"3":3,"4":3,"5":0,"6":3,"7":1},"f":{"0":3},"b":{},"_coverageSchema":"1a1c01bbd47fc00a2c39e90264f33305004495a9","hash":"cbf8d46161d249a3d5ae4d955d7863ccdcea35cd"}
,"D:\\Fullstack Web Development Batch_6\\diBimbing Batch_6\\Day 39\\Assignment Day-39\\backend-test\\server\\handlers\\isLeapYear.js": {"path":"D:\\Fullstack Web Development Batch_6\\diBimbing Batch_6\\Day 39\\Assignment Day-39\\backend-test\\server\\handlers\\isLeapYear.js","statementMap":{"0":{"start":{"line":1,"column":24},"end":{"line":1,"column":72}},"1":{"start":{"line":3,"column":19},"end":{"line":9,"column":1}},"2":{"start":{"line":4,"column":17},"end":{"line":4,"column":51}},"3":{"start":{"line":5,"column":2},"end":{"line":8,"column":5}},"4":{"start":{"line":11,"column":0},"end":{"line":13,"column":2}}},"fnMap":{"0":{"name":"(anonymous_0)","decl":{"start":{"line":3,"column":19},"end":{"line":3,"column":20}},"loc":{"start":{"line":3,"column":39},"end":{"line":9,"column":1}},"line":3}},"branchMap":{},"s":{"0":1,"1":1,"2":3,"3":3,"4":1},"f":{"0":3},"b":{},"_coverageSchema":"1a1c01bbd47fc00a2c39e90264f33305004495a9","hash":"5d669d82b134c87a4b8b37f5c3e3314c6049522e"}
,"D:\\Fullstack Web Development Batch_6\\diBimbing Batch_6\\Day 39\\Assignment Day-39\\backend-test\\server\\handlers\\isWeekend.js": {"path":"D:\\Fullstack Web Development Batch_6\\diBimbing Batch_6\\Day 39\\Assignment Day-39\\backend-test\\server\\handlers\\isWeekend.js","statementMap":{"0":{"start":{"line":1,"column":23},"end":{"line":1,"column":70}},"1":{"start":{"line":3,"column":18},"end":{"line":9,"column":1}},"2":{"start":{"line":4,"column":17},"end":{"line":4,"column":49}},"3":{"start":{"line":5,"column":2},"end":{"line":8,"column":5}},"4":{"start":{"line":11,"column":0},"end":{"line":13,"column":2}}},"fnMap":{"0":{"name":"(anonymous_0)","decl":{"start":{"line":3,"column":18},"end":{"line":3,"column":19}},"loc":{"start":{"line":3,"column":38},"end":{"line":9,"column":1}},"line":3}},"branchMap":{},"s":{"0":1,"1":1,"2":2,"3":2,"4":1},"f":{"0":2},"b":{},"_coverageSchema":"1a1c01bbd47fc00a2c39e90264f33305004495a9","hash":"9f6a3cb17159347fa4bcb1318183634f80aa9980"}
,"D:\\Fullstack Web Development Batch_6\\diBimbing Batch_6\\Day 39\\Assignment Day-39\\backend-test\\server\\handlers\\math.js": {"path":"D:\\Fullstack Web Development Batch_6\\diBimbing Batch_6\\Day 39\\Assignment Day-39\\backend-test\\server\\handlers\\math.js","statementMap":{"0":{"start":{"line":1,"column":18},"end":{"line":1,"column":60}},"1":{"start":{"line":3,"column":21},"end":{"line":19,"column":1}},"2":{"start":{"line":4,"column":18},"end":{"line":4,"column":26}},"3":{"start":{"line":5,"column":4},"end":{"line":18,"column":5}},"4":{"start":{"line":6,"column":23},"end":{"line":6,"column":54}},"5":{"start":{"line":7,"column":8},"end":{"line":10,"column":11}},"6":{"start":{"line":12,"column":8},"end":{"line":15,"column":11}},"7":{"start":{"line":17,"column":8},"end":{"line":17,"column":18}},"8":{"start":{"line":21,"column":0},"end":{"line":23,"column":2}}},"fnMap":{"0":{"name":"(anonymous_0)","decl":{"start":{"line":3,"column":21},"end":{"line":3,"column":22}},"loc":{"start":{"line":3,"column":41},"end":{"line":19,"column":1}},"line":3}},"branchMap":{},"s":{"0":2,"1":2,"2":4,"3":4,"4":4,"5":3,"6":1,"7":4,"8":2},"f":{"0":4},"b":{},"_coverageSchema":"1a1c01bbd47fc00a2c39e90264f33305004495a9","hash":"92e0759105c0c550ddf01b01b1f968982148168d"}
,"D:\\Fullstack Web Development Batch_6\\diBimbing Batch_6\\Day 39\\Assignment Day-39\\backend-test\\server\\handlers\\merchants.js": {"path":"D:\\Fullstack Web Development Batch_6\\diBimbing Batch_6\\Day 39\\Assignment Day-39\\backend-test\\server\\handlers\\merchants.js","statementMap":{"0":{"start":{"line":1,"column":19},"end":{"line":1,"column":43}},"1":{"start":{"line":2,"column":23},"end":{"line":2,"column":44}},"2":{"start":{"line":3,"column":15},"end":{"line":3,"column":32}},"3":{"start":{"line":6,"column":22},"end":{"line":8,"column":6}},"4":{"start":{"line":9,"column":4},"end":{"line":9,"column":36}},"5":{"start":{"line":13,"column":15},"end":{"line":13,"column":30}},"6":{"start":{"line":14,"column":21},"end":{"line":19,"column":6}},"7":{"start":{"line":20,"column":4},"end":{"line":24,"column":5}},"8":{"start":{"line":21,"column":8},"end":{"line":21,"column":39}},"9":{"start":{"line":23,"column":8},"end":{"line":23,"column":48}},"10":{"start":{"line":28,"column":54},"end":{"line":28,"column":62}},"11":{"start":{"line":29,"column":17},"end":{"line":29,"column":39}},"12":{"start":{"line":30,"column":27},"end":{"line":30,"column":60}},"13":{"start":{"line":31,"column":4},"end":{"line":44,"column":5}},"14":{"start":{"line":32,"column":8},"end":{"line":32,"column":122}},"15":{"start":{"line":34,"column":8},"end":{"line":40,"column":11}},"16":{"start":{"line":41,"column":8},"end":{"line":43,"column":11}},"17":{"start":{"line":49,"column":15},"end":{"line":49,"column":30}},"18":{"start":{"line":50,"column":4},"end":{"line":54,"column":7}},"19":{"start":{"line":55,"column":4},"end":{"line":55,"column":47}},"20":{"start":{"line":58,"column":0},"end":{"line":63,"column":2}}},"fnMap":{"0":{"name":"getAll","decl":{"start":{"line":5,"column":15},"end":{"line":5,"column":21}},"loc":{"start":{"line":5,"column":32},"end":{"line":10,"column":1}},"line":5},"1":{"name":"getById","decl":{"start":{"line":12,"column":15},"end":{"line":12,"column":22}},"loc":{"start":{"line":12,"column":33},"end":{"line":25,"column":1}},"line":12},"2":{"name":"create","decl":{"start":{"line":27,"column":15},"end":{"line":27,"column":21}},"loc":{"start":{"line":27,"column":32},"end":{"line":45,"column":1}},"line":27},"3":{"name":"remove","decl":{"start":{"line":48,"column":15},"end":{"line":48,"column":21}},"loc":{"start":{"line":48,"column":32},"end":{"line":56,"column":1}},"line":48}},"branchMap":{"0":{"loc":{"start":{"line":20,"column":4},"end":{"line":24,"column":5}},"type":"if","locations":[{"start":{"line":20,"column":4},"end":{"line":24,"column":5}},{"start":{"line":22,"column":11},"end":{"line":24,"column":5}}],"line":20},"1":{"loc":{"start":{"line":31,"column":4},"end":{"line":44,"column":5}},"type":"if","locations":[{"start":{"line":31,"column":4},"end":{"line":44,"column":5}},{"start":{"line":33,"column":11},"end":{"line":44,"column":5}}],"line":31}},"s":{"0":1,"1":1,"2":1,"3":0,"4":0,"5":2,"6":2,"7":2,"8":1,"9":1,"10":2,"11":2,"12":2,"13":2,"14":1,"15":1,"16":1,"17":0,"18":0,"19":0,"20":1},"f":{"0":0,"1":2,"2":2,"3":0},"b":{"0":[1,1],"1":[1,1]},"_coverageSchema":"1a1c01bbd47fc00a2c39e90264f33305004495a9","hash":"ed31b18ac158c20962f1c7d80d09ede7e6f16cd5"}
,"D:\\Fullstack Web Development Batch_6\\diBimbing Batch_6\\Day 39\\Assignment Day-39\\backend-test\\server\\handlers\\sum.js": {"path":"D:\\Fullstack Web Development Batch_6\\diBimbing Batch_6\\Day 39\\Assignment Day-39\\backend-test\\server\\handlers\\sum.js","statementMap":{"0":{"start":{"line":1,"column":17},"end":{"line":1,"column":58}},"1":{"start":{"line":3,"column":12},"end":{"line":19,"column":1}},"2":{"start":{"line":4,"column":21},"end":{"line":4,"column":29}},"3":{"start":{"line":5,"column":4},"end":{"line":18,"column":5}},"4":{"start":{"line":6,"column":23},"end":{"line":6,"column":47}},"5":{"start":{"line":7,"column":8},"end":{"line":10,"column":11}},"6":{"start":{"line":12,"column":8},"end":{"line":15,"column":11}},"7":{"start":{"line":17,"column":8},"end":{"line":17,"column":18}},"8":{"start":{"line":21,"column":0},"end":{"line":23,"column":2}}},"fnMap":{"0":{"name":"(anonymous_0)","decl":{"start":{"line":3,"column":12},"end":{"line":3,"column":13}},"loc":{"start":{"line":3,"column":32},"end":{"line":19,"column":1}},"line":3}},"branchMap":{},"s":{"0":1,"1":1,"2":4,"3":4,"4":4,"5":4,"6":0,"7":4,"8":1},"f":{"0":4},"b":{},"_coverageSchema":"1a1c01bbd47fc00a2c39e90264f33305004495a9","hash":"a80bfd8b202b25a55306c9958a7d28ffeb6cf9a4"}
,"D:\\Fullstack Web Development Batch_6\\diBimbing Batch_6\\Day 39\\Assignment Day-39\\backend-test\\storage\\models\\is21Century.model.js": {"path":"D:\\Fullstack Web Development Batch_6\\diBimbing Batch_6\\Day 39\\Assignment Day-39\\backend-test\\storage\\models\\is21Century.model.js","statementMap":{"0":{"start":{"line":2,"column":4},"end":{"line":2,"column":78}},"1":{"start":{"line":6,"column":0},"end":{"line":8,"column":2}}},"fnMap":{"0":{"name":"is21Century","decl":{"start":{"line":1,"column":9},"end":{"line":1,"column":20}},"loc":{"start":{"line":1,"column":23},"end":{"line":3,"column":1}},"line":1}},"branchMap":{"0":{"loc":{"start":{"line":2,"column":11},"end":{"line":2,"column":78}},"type":"binary-expr","locations":[{"start":{"line":2,"column":11},"end":{"line":2,"column":43}},{"start":{"line":2,"column":47},"end":{"line":2,"column":78}}],"line":2}},"s":{"0":3,"1":1},"f":{"0":3},"b":{"0":[3,3]},"_coverageSchema":"1a1c01bbd47fc00a2c39e90264f33305004495a9","hash":"14c90eb6523ad8eac7947d2e80d4e9934f05b1e9"}
,"D:\\Fullstack Web Development Batch_6\\diBimbing Batch_6\\Day 39\\Assignment Day-39\\backend-test\\storage\\models\\isLeapYear.model.js": {"path":"D:\\Fullstack Web Development Batch_6\\diBimbing Batch_6\\Day 39\\Assignment Day-39\\backend-test\\storage\\models\\isLeapYear.model.js","statementMap":{"0":{"start":{"line":2,"column":2},"end":{"line":6,"column":4}},"1":{"start":{"line":9,"column":0},"end":{"line":11,"column":2}}},"fnMap":{"0":{"name":"isLeapYear","decl":{"start":{"line":1,"column":9},"end":{"line":1,"column":19}},"loc":{"start":{"line":1,"column":22},"end":{"line":7,"column":1}},"line":1}},"branchMap":{"0":{"loc":{"start":{"line":3,"column":4},"end":{"line":5,"column":37}},"type":"binary-expr","locations":[{"start":{"line":3,"column":4},"end":{"line":3,"column":39}},{"start":{"line":4,"column":4},"end":{"line":4,"column":39}},{"start":{"line":5,"column":4},"end":{"line":5,"column":37}}],"line":3}},"s":{"0":3,"1":1},"f":{"0":3},"b":{"0":[3,3,3]},"_coverageSchema":"1a1c01bbd47fc00a2c39e90264f33305004495a9","hash":"4967b7ddda7a445ff0a744c1decdfafb040532c5"}
,"D:\\Fullstack Web Development Batch_6\\diBimbing Batch_6\\Day 39\\Assignment Day-39\\backend-test\\storage\\models\\isWeekend.model.js": {"path":"D:\\Fullstack Web Development Batch_6\\diBimbing Batch_6\\Day 39\\Assignment Day-39\\backend-test\\storage\\models\\isWeekend.model.js","statementMap":{"0":{"start":{"line":3,"column":4},"end":{"line":3,"column":64}},"1":{"start":{"line":7,"column":0},"end":{"line":9,"column":2}}},"fnMap":{"0":{"name":"isWeekend","decl":{"start":{"line":2,"column":9},"end":{"line":2,"column":18}},"loc":{"start":{"line":2,"column":21},"end":{"line":5,"column":1}},"line":2}},"branchMap":{"0":{"loc":{"start":{"line":3,"column":11},"end":{"line":3,"column":63}},"type":"binary-expr","locations":[{"start":{"line":3,"column":11},"end":{"line":3,"column":35}},{"start":{"line":3,"column":39},"end":{"line":3,"column":63}}],"line":3}},"s":{"0":2,"1":1},"f":{"0":2},"b":{"0":[2,1]},"_coverageSchema":"1a1c01bbd47fc00a2c39e90264f33305004495a9","hash":"4a554f01c291e93cfc949af0437c7fa07766843e"}
,"D:\\Fullstack Web Development Batch_6\\diBimbing Batch_6\\Day 39\\Assignment Day-39\\backend-test\\storage\\models\\math.model.js": {"path":"D:\\Fullstack Web Development Batch_6\\diBimbing Batch_6\\Day 39\\Assignment Day-39\\backend-test\\storage\\models\\math.model.js","statementMap":{"0":{"start":{"line":2,"column":4},"end":{"line":4,"column":5}},"1":{"start":{"line":3,"column":8},"end":{"line":3,"column":45}},"2":{"start":{"line":5,"column":4},"end":{"line":5,"column":42}},"3":{"start":{"line":8,"column":0},"end":{"line":10,"column":2}}},"fnMap":{"0":{"name":"checkOddEven","decl":{"start":{"line":1,"column":9},"end":{"line":1,"column":21}},"loc":{"start":{"line":1,"column":27},"end":{"line":6,"column":1}},"line":1}},"branchMap":{"0":{"loc":{"start":{"line":2,"column":4},"end":{"line":4,"column":5}},"type":"if","locations":[{"start":{"line":2,"column":4},"end":{"line":4,"column":5}},{"start":{},"end":{}}],"line":2},"1":{"loc":{"start":{"line":5,"column":11},"end":{"line":5,"column":41}},"type":"cond-expr","locations":[{"start":{"line":5,"column":27},"end":{"line":5,"column":33}},{"start":{"line":5,"column":36},"end":{"line":5,"column":41}}],"line":5}},"s":{"0":3,"1":1,"2":2,"3":1},"f":{"0":3},"b":{"0":[1,2],"1":[1,1]},"_coverageSchema":"1a1c01bbd47fc00a2c39e90264f33305004495a9","hash":"c1f66c1ec5b117139d5b79ec2a1e16166d3c291c"}
,"D:\\Fullstack Web Development Batch_6\\diBimbing Batch_6\\Day 39\\Assignment Day-39\\backend-test\\storage\\models\\sum.model.js": {"path":"D:\\Fullstack Web Development Batch_6\\diBimbing Batch_6\\Day 39\\Assignment Day-39\\backend-test\\storage\\models\\sum.model.js","statementMap":{"0":{"start":{"line":2,"column":4},"end":{"line":2,"column":17}},"1":{"start":{"line":4,"column":0},"end":{"line":6,"column":2}}},"fnMap":{"0":{"name":"sum","decl":{"start":{"line":1,"column":9},"end":{"line":1,"column":12}},"loc":{"start":{"line":1,"column":19},"end":{"line":3,"column":1}},"line":1}},"branchMap":{},"s":{"0":4,"1":1},"f":{"0":4},"b":{},"_coverageSchema":"1a1c01bbd47fc00a2c39e90264f33305004495a9","hash":"ec2f6ad33a199845524eef2857cd6be260379b40"}
}
