TN:
SF:server\helpers.js
FN:1,getIdParam
FN:9,getMerchantIdParam
FN:17,checkError
FN:18,(anonymous_3)
FNF:4
FNH:1
FNDA:2,getIdParam
FNDA:0,getMerchantIdParam
FNDA:0,checkError
FNDA:0,(anonymous_3)
DA:2,2
DA:3,2
DA:4,2
DA:6,0
DA:10,0
DA:11,0
DA:12,0
DA:14,0
DA:18,0
DA:19,0
DA:23,1
LF:11
LH:4
BRDA:3,0,0,2
BRDA:3,0,1,0
BRDA:11,1,0,0
BRDA:11,1,1,0
BRF:4
BRH:1
end_of_record
TN:
SF:server\handlers\is21Century.js
FN:3,(anonymous_0)
FNF:1
FNH:1
FNDA:3,(anonymous_0)
DA:1,1
DA:3,1
DA:4,3
DA:5,3
DA:6,3
DA:11,0
DA:16,3
DA:20,1
LF:8
LH:7
BRF:0
BRH:0
end_of_record
TN:
SF:server\handlers\isLeapYear.js
FN:3,(anonymous_0)
FNF:1
FNH:1
FNDA:3,(anonymous_0)
DA:1,1
DA:3,1
DA:4,3
DA:5,3
DA:11,1
LF:5
LH:5
BRF:0
BRH:0
end_of_record
TN:
SF:server\handlers\isWeekend.js
FN:3,(anonymous_0)
FNF:1
FNH:1
FNDA:2,(anonymous_0)
DA:1,1
DA:3,1
DA:4,2
DA:5,2
DA:11,1
LF:5
LH:5
BRF:0
BRH:0
end_of_record
TN:
SF:server\handlers\math.js
FN:3,(anonymous_0)
FNF:1
FNH:1
FNDA:4,(anonymous_0)
DA:1,2
DA:3,2
DA:4,4
DA:5,4
DA:6,4
DA:7,3
DA:12,1
DA:17,4
DA:21,2
LF:9
LH:9
BRF:0
BRH:0
end_of_record
TN:
SF:server\handlers\merchants.js
FN:5,getAll
FN:12,getById
FN:27,create
FN:48,remove
FNF:4
FNH:2
FNDA:0,getAll
FNDA:2,getById
FNDA:2,create
FNDA:0,remove
DA:1,1
DA:2,1
DA:3,1
DA:6,0
DA:9,0
DA:13,2
DA:14,2
DA:20,2
DA:21,1
DA:23,1
DA:28,2
DA:29,2
DA:30,2
DA:31,2
DA:32,1
DA:34,1
DA:41,1
DA:49,0
DA:50,0
DA:55,0
DA:58,1
LF:21
LH:16
BRDA:20,0,0,1
BRDA:20,0,1,1
BRDA:31,1,0,1
BRDA:31,1,1,1
BRF:4
BRH:4
end_of_record
TN:
SF:server\handlers\sum.js
FN:3,(anonymous_0)
FNF:1
FNH:1
FNDA:4,(anonymous_0)
DA:1,1
DA:3,1
DA:4,4
DA:5,4
DA:6,4
DA:7,4
DA:12,0
DA:17,4
DA:21,1
LF:9
LH:8
BRF:0
BRH:0
end_of_record
TN:
SF:storage\models\is21Century.model.js
FN:1,is21Century
FNF:1
FNH:1
FNDA:3,is21Century
DA:2,3
DA:6,1
LF:2
LH:2
BRDA:2,0,0,3
BRDA:2,0,1,3
BRF:2
BRH:2
end_of_record
TN:
SF:storage\models\isLeapYear.model.js
FN:1,isLeapYear
FNF:1
FNH:1
FNDA:3,isLeapYear
DA:2,3
DA:9,1
LF:2
LH:2
BRDA:3,0,0,3
BRDA:3,0,1,3
BRDA:3,0,2,3
BRF:3
BRH:3
end_of_record
TN:
SF:storage\models\isWeekend.model.js
FN:2,isWeekend
FNF:1
FNH:1
FNDA:2,isWeekend
DA:3,2
DA:7,1
LF:2
LH:2
BRDA:3,0,0,2
BRDA:3,0,1,1
BRF:2
BRH:2
end_of_record
TN:
SF:storage\models\math.model.js
FN:1,checkOddEven
FNF:1
FNH:1
FNDA:3,checkOddEven
DA:2,3
DA:3,1
DA:5,2
DA:8,1
LF:4
LH:4
BRDA:2,0,0,1
BRDA:2,0,1,2
BRDA:5,1,0,1
BRDA:5,1,1,1
BRF:4
BRH:4
end_of_record
TN:
SF:storage\models\sum.model.js
FN:1,sum
FNF:1
FNH:1
FNDA:4,sum
DA:2,4
DA:4,1
LF:2
LH:2
BRF:0
BRH:0
end_of_record
